<?xml version="1.0" encoding="UTF-8"?>
<!-- Generated by org.testng.reporters.JUnitXMLReporter -->
<testsuite ignored="0" hostname="admins-MacBook-Pro-2.local" failures="0" tests="4" name="chromeTest" time="22.006" errors="0" timestamp="2025-01-03T13:39:33 IST">
  <testcase classname="mytestng.tests.DependsOnTests" name="test1" time="4.761"/>
  <testcase classname="mytestng.tests.DependsOnTests" name="test2" time="4.251"/>
  <testcase classname="mytestng.tests.DependsOnTests" name="test3" time="7.69"/>
  <testcase classname="mytestng.tests.DependsOnTests" name="test4" time="5.249"/>
</testsuite> <!-- chromeTest -->
