<?xml version="1.0" encoding="UTF-8"?>
<!-- Generated by org.testng.reporters.JUnitXMLReporter -->
<testsuite ignored="0" hostname="admins-MacBook-Pro-2.local" failures="0" tests="4" name="firefoxTest" time="51.368" errors="0" timestamp="2025-01-03T13:40:02 IST">
  <testcase classname="mytestng.tests.DependsOnTests" name="test1" time="15.351"/>
  <testcase classname="mytestng.tests.DependsOnTests" name="test2" time="13.247"/>
  <testcase classname="mytestng.tests.DependsOnTests" name="test3" time="12.318"/>
  <testcase classname="mytestng.tests.DependsOnTests" name="test4" time="10.405"/>
</testsuite> <!-- firefoxTest -->
