<?xml version="1.0" encoding="UTF-8"?>
<!-- Generated by org.testng.reporters.JUnitXMLReporter -->
<testsuite ignored="3" hostname="admins-MacBook-Pro-2.local" failures="0" tests="5" name="Test" time="0.04" errors="0" timestamp="2025-01-03T16:07:43 IST">
  <testcase classname="mytestng.tests.GroupsExample" name="test1" time="0.008"/>
  <testcase classname="mytestng.tests.GroupsExample" name="test2" time="0.001"/>
  <testcase classname="mytestng.tests.GroupsExample" name="test3" time="0.001"/>
  <testcase classname="mytestng.tests.GroupsExample" name="test4" time="0.0"/>
  <testcase classname="mytestng.tests.GroupsExample" name="test5" time="0.001"/>
  <testcase classname="mytestng.tests.GroupsExample" name="test8" time="0.0">
    <ignored/>
  </testcase> <!-- test8 -->
  <testcase classname="mytestng.tests.GroupsExample" name="test7" time="0.0">
    <ignored/>
  </testcase> <!-- test7 -->
  <testcase classname="mytestng.tests.GroupsExample" name="test6" time="0.0">
    <ignored/>
  </testcase> <!-- test6 -->
</testsuite> <!-- Test -->
