<?xml version="1.0" encoding="UTF-8"?>
<!-- Generated by org.testng.reporters.JUnitXMLReporter -->
<testsuite ignored="0" hostname="admins-MacBook-Pro-2.local" failures="0" tests="4" name="ChromeTesting" time="19.684" errors="0" timestamp="2025-01-03T14:14:15 IST">
  <testcase classname="mytestng.tests.DependsOnTests" name="test1" time="3.74"/>
  <testcase classname="mytestng.tests.DependsOnTests" name="test3" time="6.563"/>
  <testcase classname="mytestng.tests.DependsOnTests" name="test4" time="6.474"/>
  <testcase classname="mytestng.tests.DependsOnTests" name="test2" time="2.87"/>
</testsuite> <!-- ChromeTesting -->
