<?xml version="1.0" encoding="UTF-8"?>
<!-- Generated by org.testng.reporters.JUnitXMLReporter -->
<testsuite ignored="0" hostname="admins-MacBook-Pro-2.local" failures="0" tests="4" name="FirefoxTesting" time="35.468" errors="0" timestamp="2025-01-03T14:14:31 IST">
  <testcase classname="mytestng.tests.DependsOnTests" name="test1" time="10.787"/>
  <testcase classname="mytestng.tests.DependsOnTests" name="test3" time="9.638"/>
  <testcase classname="mytestng.tests.DependsOnTests" name="test4" time="9.473"/>
  <testcase classname="mytestng.tests.DependsOnTests" name="test2" time="5.538"/>
</testsuite> <!-- FirefoxTesting -->
