<?xml version="1.0" encoding="UTF-8"?>
<testng-results ignored="0" total="1" passed="1" failed="0" skipped="0">
  <reporter-output>
  </reporter-output>
  <suite started-at="2025-01-13T18:31:17 IST" name="Default suite" finished-at="2025-01-13T18:31:24 IST" duration-ms="7205">
    <groups>
    </groups>
    <test started-at="2025-01-13T18:31:17 IST" name="Default test" finished-at="2025-01-13T18:31:24 IST" duration-ms="7205">
      <class name="mytestng.tests.MouseOverExample">
        <test-method signature="dragAndDrop()[pri:0, instance:mytestng.tests.MouseOverExample@36bc55de]" started-at="2025-01-13T18:31:17 IST" name="dragAndDrop" finished-at="2025-01-13T18:31:24 IST" duration-ms="7175" status="PASS">
          <reporter-output>
          </reporter-output>
        </test-method> <!-- dragAndDrop -->
      </class> <!-- mytestng.tests.MouseOverExample -->
    </test> <!-- Default test -->
  </suite> <!-- Default suite -->
</testng-results>
