<?xml version="1.0" encoding="UTF-8"?>
<testng-results ignored="0" total="1" passed="1" failed="0" skipped="0">
  <reporter-output>
  </reporter-output>
  <suite started-at="2025-01-03T16:46:19 IST" name="Default suite" finished-at="2025-01-03T16:46:41 IST" duration-ms="22096">
    <groups>
    </groups>
    <test started-at="2025-01-03T16:46:19 IST" name="Default test" finished-at="2025-01-03T16:46:41 IST" duration-ms="22096">
      <class name="mytestng.tests.AlertHandleExample">
        <test-method signature="testHandlingAlerts()[pri:0, instance:mytestng.tests.AlertHandleExample@5ffead27]" started-at="2025-01-03T16:46:19 IST" name="testHandlingAlerts" finished-at="2025-01-03T16:46:41 IST" duration-ms="22072" status="PASS">
          <reporter-output>
          </reporter-output>
        </test-method> <!-- testHandlingAlerts -->
      </class> <!-- mytestng.tests.AlertHandleExample -->
    </test> <!-- Default test -->
  </suite> <!-- Default suite -->
</testng-results>
