<?xml version="1.0" encoding="UTF-8"?>
<!-- Generated by org.testng.reporters.JUnitReportReporter -->
<testsuite hostname="admins-MacBook-Pro-2.local" failures="0" tests="2" name="tests.FbLoginPageTestWithPOM" time="11.214" errors="0" timestamp="2025-01-08T13:38:41 IST" skipped="0">
  <testcase classname="tests.FbLoginPageTestWithPOM" name="testForgotPassword" time="8.388"/>
  <system-out/>
  <testcase classname="tests.FbLoginPageTestWithPOM" name="testLogin" time="2.826"/>
  <system-out/>
</testsuite> <!-- tests.FbLoginPageTestWithPOM -->
