<?xml version="1.0" encoding="UTF-8"?>
<!-- Generated by org.testng.reporters.JUnitReportReporter -->
<testsuite hostname="admins-MacBook-Pro-2.local" failures="0" tests="2" name="tests.FbLoginPageTestWithPageFactory" time="8.854" errors="0" timestamp="2025-01-08T16:32:36 IST" skipped="0">
  <testcase classname="tests.FbLoginPageTestWithPageFactory" name="testForgotPassword" time="5.592"/>
  <system-out/>
  <testcase classname="tests.FbLoginPageTestWithPageFactory" name="testLogin" time="3.262"/>
  <system-out/>
</testsuite> <!-- tests.FbLoginPageTestWithPageFactory -->
